<?xml version="1.0" encoding="UTF-8"?>
<testsuites name="Amazon_Category_Validation_Excel" time="277.178" tests="3" failures="0" errors="0">
   <testsuite name="Amazon_Category_Validation_Excel" tests="3" failures="0" errors="0" time="277.178" skipped="0" timestamp="25-01-2024T22:32:48" hostname="palle - LAPTOP-PIIRQVG3" id="Test Suites/Amazon_Category_Validation_Excel">
      <properties>
         <property name="deviceName" value=""/>
         <property name="devicePlatform" value=""/>
         <property name="logFolder" value="C:\\Users\\palle\\git\\Software-Automation-Testing-with-Katalon\\Reports\\20240125_223243\\Amazon_Category_Validation_Excel\\20240125_223243"/>
         <property name="logFiles" value="C:\\Users\\palle\\git\\Software-Automation-Testing-with-Katalon\\Reports\\20240125_223243\\Amazon_Category_Validation_Excel\\20240125_223243\\execution0.log"/>
         <property name="attachments" value=""/>
         <property name="hostName" value="palle - LAPTOP-PIIRQVG3"/>
         <property name="os" value="Windows 11 64bit"/>
         <property name="katalonVersion" value="9.1.0.212"/>
         <property name="browser" value="Edge Chromium 120"/>
         <property name="hostAddress" value="192.168.1.106"/>
         <property name="sessionId" value="61010dfa939de57f5f759fd689115e94"/>
         <property name="seleniumVersion" value="3.141.59"/>
         <property name="proxyInformation" value="ProxyInformation { proxyOption=NO_PROXY, proxyServerType=HTTP, username=, password=********, proxyServerAddress=, proxyServerPort=0, executionList=&quot;&quot;, isApplyToDesiredCapabilities=true }"/>
         <property name="platform" value="Windows 11"/>
      </properties>
      <testcase name="Test Cases/Amazon/TC_Validation Amazon Category_001" time="134.463" classname="Test Cases/Amazon/TC_Validation Amazon Category_001" status="PASSED">
         <system-out><![CDATA[25-01-2024T22:32:49 - [TEST_CASE][PASSED] - Test Cases/Amazon/TC_Validation Amazon Category_001: Test Cases/Amazon/TC_Validation Amazon Category_001

25-01-2024T22:32:49 - [TEST_STEP][PASSED] - openBrowser(""): Browser is opened with url: ''

25-01-2024T22:32:50 - [MESSAGE][INFO] - Starting 'Edge Chromium' driver

25-01-2024T22:32:52 - [MESSAGE][INFO] - Action delay is set to 0 milliseconds

25-01-2024T22:32:59 - [MESSAGE][PASSED] - Browser is opened with url: ''

25-01-2024T22:32:59 - [TEST_STEP][PASSED] - navigateToUrl("https://www.amazon.com/"): Navigate to 'https://www.amazon.com/' successfully

25-01-2024T22:34:31 - [MESSAGE][PASSED] - Navigate to 'https://www.amazon.com/' successfully

25-01-2024T22:34:31 - [TEST_STEP][PASSED] - selectOptionByLabel(findTestObject("Amazon_Category_validation_excel_OR/Page_Amazon.com. Spend less. Smile more/category_element"), category, false): All options with label 'Books' are selected in object 'Object Repository/Amazon_Category_validation_excel_OR/Page_Amazon.com. Spend less. Smile more/category_element' 

25-01-2024T22:34:48 - [MESSAGE][PASSED] - All options with label 'Books' are selected in object 'Object Repository/Amazon_Category_validation_excel_OR/Page_Amazon.com. Spend less. Smile more/category_element' 

25-01-2024T22:34:48 - [TEST_STEP][PASSED] - setText(findTestObject("Amazon_Category_validation_excel_OR/Page_Amazon.com. Spend less. Smile more/input_Search Amazon_field-keywords"), item): Text 'Da vinci code' is set on object 'Object Repository/Amazon_Category_validation_excel_OR/Page_Amazon.com. Spend less. Smile more/input_Search Amazon_field-keywords'

25-01-2024T22:34:49 - [MESSAGE][PASSED] - Text 'Da vinci code' is set on object 'Object Repository/Amazon_Category_validation_excel_OR/Page_Amazon.com. Spend less. Smile more/input_Search Amazon_field-keywords'

25-01-2024T22:34:49 - [TEST_STEP][PASSED] - click(findTestObject("Amazon_Category_validation_excel_OR/Page_Amazon.com. Spend less. Smile more/input_Search Amazon_nav-search-submit-button")): Object: 'Object Repository/Amazon_Category_validation_excel_OR/Page_Amazon.com. Spend less. Smile more/input_Search Amazon_nav-search-submit-button' is clicked on

25-01-2024T22:35:03 - [MESSAGE][PASSED] - Object: 'Object Repository/Amazon_Category_validation_excel_OR/Page_Amazon.com. Spend less. Smile more/input_Search Amazon_nav-search-submit-button' is clicked on

25-01-2024T22:35:03 - [TEST_STEP][PASSED] - closeBrowser(): Browser is closed

25-01-2024T22:35:03 - [MESSAGE][PASSED] - Browser is closed]]></system-out>
         <system-err><![CDATA[]]></system-err>
      </testcase>
      <testcase name="Test Cases/Amazon/TC_Validation Amazon Category_001" time="91.9" classname="Test Cases/Amazon/TC_Validation Amazon Category_001" status="PASSED">
         <system-out><![CDATA[25-01-2024T22:35:04 - [TEST_CASE][PASSED] - Test Cases/Amazon/TC_Validation Amazon Category_001: Test Cases/Amazon/TC_Validation Amazon Category_001

25-01-2024T22:35:04 - [TEST_STEP][PASSED] - openBrowser(""): Browser is opened with url: ''

25-01-2024T22:35:04 - [MESSAGE][INFO] - Starting 'Edge Chromium' driver

25-01-2024T22:35:06 - [MESSAGE][INFO] - Action delay is set to 0 milliseconds

25-01-2024T22:35:08 - [MESSAGE][PASSED] - Browser is opened with url: ''

25-01-2024T22:35:08 - [TEST_STEP][PASSED] - navigateToUrl("https://www.amazon.com/"): Navigate to 'https://www.amazon.com/' successfully

25-01-2024T22:35:24 - [MESSAGE][PASSED] - Navigate to 'https://www.amazon.com/' successfully

25-01-2024T22:35:24 - [TEST_STEP][PASSED] - selectOptionByLabel(findTestObject("Amazon_Category_validation_excel_OR/Page_Amazon.com. Spend less. Smile more/category_element"), category, false): All options with label 'Baby' are selected in object 'Object Repository/Amazon_Category_validation_excel_OR/Page_Amazon.com. Spend less. Smile more/category_element' 

25-01-2024T22:35:30 - [MESSAGE][PASSED] - All options with label 'Baby' are selected in object 'Object Repository/Amazon_Category_validation_excel_OR/Page_Amazon.com. Spend less. Smile more/category_element' 

25-01-2024T22:35:30 - [TEST_STEP][PASSED] - setText(findTestObject("Amazon_Category_validation_excel_OR/Page_Amazon.com. Spend less. Smile more/input_Search Amazon_field-keywords"), item): Text 'walkers' is set on object 'Object Repository/Amazon_Category_validation_excel_OR/Page_Amazon.com. Spend less. Smile more/input_Search Amazon_field-keywords'

25-01-2024T22:35:31 - [MESSAGE][PASSED] - Text 'walkers' is set on object 'Object Repository/Amazon_Category_validation_excel_OR/Page_Amazon.com. Spend less. Smile more/input_Search Amazon_field-keywords'

25-01-2024T22:35:31 - [TEST_STEP][PASSED] - click(findTestObject("Amazon_Category_validation_excel_OR/Page_Amazon.com. Spend less. Smile more/input_Search Amazon_nav-search-submit-button")): Object: 'Object Repository/Amazon_Category_validation_excel_OR/Page_Amazon.com. Spend less. Smile more/input_Search Amazon_nav-search-submit-button' is clicked on

25-01-2024T22:36:35 - [MESSAGE][PASSED] - Object: 'Object Repository/Amazon_Category_validation_excel_OR/Page_Amazon.com. Spend less. Smile more/input_Search Amazon_nav-search-submit-button' is clicked on

25-01-2024T22:36:35 - [TEST_STEP][PASSED] - closeBrowser(): Browser is closed

25-01-2024T22:36:35 - [MESSAGE][PASSED] - Browser is closed]]></system-out>
         <system-err><![CDATA[]]></system-err>
      </testcase>
      <testcase name="Test Cases/Amazon/TC_Validation Amazon Category_001" time="50.097" classname="Test Cases/Amazon/TC_Validation Amazon Category_001" status="PASSED">
         <system-out><![CDATA[25-01-2024T22:36:36 - [TEST_CASE][PASSED] - Test Cases/Amazon/TC_Validation Amazon Category_001: Test Cases/Amazon/TC_Validation Amazon Category_001

25-01-2024T22:36:36 - [TEST_STEP][PASSED] - openBrowser(""): Browser is opened with url: ''

25-01-2024T22:36:36 - [MESSAGE][INFO] - Starting 'Edge Chromium' driver

25-01-2024T22:36:38 - [MESSAGE][INFO] - Action delay is set to 0 milliseconds

25-01-2024T22:36:39 - [MESSAGE][PASSED] - Browser is opened with url: ''

25-01-2024T22:36:39 - [TEST_STEP][PASSED] - navigateToUrl("https://www.amazon.com/"): Navigate to 'https://www.amazon.com/' successfully

25-01-2024T22:36:49 - [MESSAGE][PASSED] - Navigate to 'https://www.amazon.com/' successfully

25-01-2024T22:36:49 - [TEST_STEP][PASSED] - selectOptionByLabel(findTestObject("Amazon_Category_validation_excel_OR/Page_Amazon.com. Spend less. Smile more/category_element"), category, false): All options with label 'Electronics' are selected in object 'Object Repository/Amazon_Category_validation_excel_OR/Page_Amazon.com. Spend less. Smile more/category_element' 

25-01-2024T22:36:57 - [MESSAGE][PASSED] - All options with label 'Electronics' are selected in object 'Object Repository/Amazon_Category_validation_excel_OR/Page_Amazon.com. Spend less. Smile more/category_element' 

25-01-2024T22:36:57 - [TEST_STEP][PASSED] - setText(findTestObject("Amazon_Category_validation_excel_OR/Page_Amazon.com. Spend less. Smile more/input_Search Amazon_field-keywords"), item): Text 'washing machine' is set on object 'Object Repository/Amazon_Category_validation_excel_OR/Page_Amazon.com. Spend less. Smile more/input_Search Amazon_field-keywords'

25-01-2024T22:36:58 - [MESSAGE][PASSED] - Text 'washing machine' is set on object 'Object Repository/Amazon_Category_validation_excel_OR/Page_Amazon.com. Spend less. Smile more/input_Search Amazon_field-keywords'

25-01-2024T22:36:58 - [TEST_STEP][PASSED] - click(findTestObject("Amazon_Category_validation_excel_OR/Page_Amazon.com. Spend less. Smile more/input_Search Amazon_nav-search-submit-button")): Object: 'Object Repository/Amazon_Category_validation_excel_OR/Page_Amazon.com. Spend less. Smile more/input_Search Amazon_nav-search-submit-button' is clicked on

25-01-2024T22:37:25 - [MESSAGE][PASSED] - Object: 'Object Repository/Amazon_Category_validation_excel_OR/Page_Amazon.com. Spend less. Smile more/input_Search Amazon_nav-search-submit-button' is clicked on

25-01-2024T22:37:25 - [TEST_STEP][PASSED] - closeBrowser(): Browser is closed

25-01-2024T22:37:26 - [MESSAGE][PASSED] - Browser is closed]]></system-out>
         <system-err><![CDATA[]]></system-err>
      </testcase>
      <system-out><![CDATA[25-01-2024T22:32:48 - [TEST_SUITE][PASSED] - Amazon_Category_Validation_Excel: Test Cases/Amazon/TC_Validation Amazon Category_001]]></system-out>
      <system-err><![CDATA[]]></system-err>
   </testsuite>
</testsuites>
