<?xml version="1.0" encoding="UTF-8"?>
<testsuites name="Amazon_Category_Validation_Internaldata" time="185.783" tests="3" failures="0" errors="0">
   <testsuite name="Amazon_Category_Validation_Internaldata" tests="3" failures="0" errors="0" time="185.783" skipped="0" timestamp="25-01-2024T18:22:57" hostname="palle - LAPTOP-PIIRQVG3" id="Test Suites/Amazon_Category_Validation_Internaldata">
      <properties>
         <property name="deviceName" value=""/>
         <property name="devicePlatform" value=""/>
         <property name="logFolder" value="C:\\Users\\palle\\git\\Software-Automation-Testing-with-Katalon\\Reports\\20240125_182234\\Amazon_Category_Validation_Internaldata\\20240125_182234"/>
         <property name="logFiles" value="C:\\Users\\palle\\git\\Software-Automation-Testing-with-Katalon\\Reports\\20240125_182234\\Amazon_Category_Validation_Internaldata\\20240125_182234\\execution0.log"/>
         <property name="attachments" value=""/>
         <property name="hostName" value="palle - LAPTOP-PIIRQVG3"/>
         <property name="os" value="Windows 11 64bit"/>
         <property name="katalonVersion" value="9.1.0.212"/>
         <property name="browser" value="Edge Chromium 120"/>
         <property name="hostAddress" value="192.168.1.106"/>
         <property name="sessionId" value="53d3bc844b393d68e8e65800a7adfa9f"/>
         <property name="seleniumVersion" value="3.141.59"/>
         <property name="proxyInformation" value="ProxyInformation { proxyOption=NO_PROXY, proxyServerType=HTTP, username=, password=********, proxyServerAddress=, proxyServerPort=0, executionList=&quot;&quot;, isApplyToDesiredCapabilities=true }"/>
         <property name="platform" value="Windows 11"/>
      </properties>
      <testcase name="Test Cases/Amazon/TC_Validation Amazon Category_001" time="97.739" classname="Test Cases/Amazon/TC_Validation Amazon Category_001" status="PASSED">
         <system-out><![CDATA[25-01-2024T18:22:57 - [TEST_CASE][PASSED] - Test Cases/Amazon/TC_Validation Amazon Category_001: Test Cases/Amazon/TC_Validation Amazon Category_001

25-01-2024T18:22:58 - [TEST_STEP][PASSED] - openBrowser(""): Browser is opened with url: ''

25-01-2024T18:22:58 - [MESSAGE][INFO] - Starting 'Edge Chromium' driver

25-01-2024T18:23:01 - [MESSAGE][INFO] - Action delay is set to 0 milliseconds

25-01-2024T18:23:12 - [MESSAGE][PASSED] - Browser is opened with url: ''

25-01-2024T18:23:12 - [TEST_STEP][PASSED] - navigateToUrl("https://www.amazon.com/"): Navigate to 'https://www.amazon.com/' successfully

25-01-2024T18:23:55 - [MESSAGE][PASSED] - Navigate to 'https://www.amazon.com/' successfully

25-01-2024T18:23:55 - [TEST_STEP][PASSED] - selectOptionByLabel(findTestObject("Amazon_Category_validation_excel_OR/Page_Amazon.com. Spend less. Smile more/category_element"), category, false): All options with label 'Books' are selected in object 'Object Repository/Amazon_Category_validation_excel_OR/Page_Amazon.com. Spend less. Smile more/category_element' 

25-01-2024T18:24:06 - [MESSAGE][PASSED] - All options with label 'Books' are selected in object 'Object Repository/Amazon_Category_validation_excel_OR/Page_Amazon.com. Spend less. Smile more/category_element' 

25-01-2024T18:24:06 - [TEST_STEP][PASSED] - setText(findTestObject("Amazon_Category_validation_excel_OR/Page_Amazon.com. Spend less. Smile more/input_Search Amazon_field-keywords"), item): Text 'Da vinci code' is set on object 'Object Repository/Amazon_Category_validation_excel_OR/Page_Amazon.com. Spend less. Smile more/input_Search Amazon_field-keywords'

25-01-2024T18:24:10 - [MESSAGE][PASSED] - Text 'Da vinci code' is set on object 'Object Repository/Amazon_Category_validation_excel_OR/Page_Amazon.com. Spend less. Smile more/input_Search Amazon_field-keywords'

25-01-2024T18:24:10 - [TEST_STEP][PASSED] - click(findTestObject("Amazon_Category_validation_excel_OR/Page_Amazon.com. Spend less. Smile more/input_Search Amazon_nav-search-submit-button")): Object: 'Object Repository/Amazon_Category_validation_excel_OR/Page_Amazon.com. Spend less. Smile more/input_Search Amazon_nav-search-submit-button' is clicked on

25-01-2024T18:24:33 - [MESSAGE][PASSED] - Object: 'Object Repository/Amazon_Category_validation_excel_OR/Page_Amazon.com. Spend less. Smile more/input_Search Amazon_nav-search-submit-button' is clicked on

25-01-2024T18:24:33 - [TEST_STEP][PASSED] - closeBrowser(): Browser is closed

25-01-2024T18:24:35 - [MESSAGE][PASSED] - Browser is closed]]></system-out>
         <system-err><![CDATA[]]></system-err>
      </testcase>
      <testcase name="Test Cases/Amazon/TC_Validation Amazon Category_001" time="48.786" classname="Test Cases/Amazon/TC_Validation Amazon Category_001" status="PASSED">
         <system-out><![CDATA[25-01-2024T18:24:35 - [TEST_CASE][PASSED] - Test Cases/Amazon/TC_Validation Amazon Category_001: Test Cases/Amazon/TC_Validation Amazon Category_001

25-01-2024T18:24:36 - [TEST_STEP][PASSED] - openBrowser(""): Browser is opened with url: ''

25-01-2024T18:24:36 - [MESSAGE][INFO] - Starting 'Edge Chromium' driver

25-01-2024T18:24:38 - [MESSAGE][INFO] - Action delay is set to 0 milliseconds

25-01-2024T18:24:45 - [MESSAGE][PASSED] - Browser is opened with url: ''

25-01-2024T18:24:45 - [TEST_STEP][PASSED] - navigateToUrl("https://www.amazon.com/"): Navigate to 'https://www.amazon.com/' successfully

25-01-2024T18:25:05 - [MESSAGE][PASSED] - Navigate to 'https://www.amazon.com/' successfully

25-01-2024T18:25:05 - [TEST_STEP][PASSED] - selectOptionByLabel(findTestObject("Amazon_Category_validation_excel_OR/Page_Amazon.com. Spend less. Smile more/category_element"), category, false): All options with label 'Baby' are selected in object 'Object Repository/Amazon_Category_validation_excel_OR/Page_Amazon.com. Spend less. Smile more/category_element' 

25-01-2024T18:25:08 - [MESSAGE][PASSED] - All options with label 'Baby' are selected in object 'Object Repository/Amazon_Category_validation_excel_OR/Page_Amazon.com. Spend less. Smile more/category_element' 

25-01-2024T18:25:08 - [TEST_STEP][PASSED] - setText(findTestObject("Amazon_Category_validation_excel_OR/Page_Amazon.com. Spend less. Smile more/input_Search Amazon_field-keywords"), item): Text 'walkers' is set on object 'Object Repository/Amazon_Category_validation_excel_OR/Page_Amazon.com. Spend less. Smile more/input_Search Amazon_field-keywords'

25-01-2024T18:25:10 - [MESSAGE][PASSED] - Text 'walkers' is set on object 'Object Repository/Amazon_Category_validation_excel_OR/Page_Amazon.com. Spend less. Smile more/input_Search Amazon_field-keywords'

25-01-2024T18:25:10 - [TEST_STEP][PASSED] - click(findTestObject("Amazon_Category_validation_excel_OR/Page_Amazon.com. Spend less. Smile more/input_Search Amazon_nav-search-submit-button")): Object: 'Object Repository/Amazon_Category_validation_excel_OR/Page_Amazon.com. Spend less. Smile more/input_Search Amazon_nav-search-submit-button' is clicked on

25-01-2024T18:25:23 - [MESSAGE][PASSED] - Object: 'Object Repository/Amazon_Category_validation_excel_OR/Page_Amazon.com. Spend less. Smile more/input_Search Amazon_nav-search-submit-button' is clicked on

25-01-2024T18:25:23 - [TEST_STEP][PASSED] - closeBrowser(): Browser is closed

25-01-2024T18:25:24 - [MESSAGE][PASSED] - Browser is closed]]></system-out>
         <system-err><![CDATA[]]></system-err>
      </testcase>
      <testcase name="Test Cases/Amazon/TC_Validation Amazon Category_001" time="38.615" classname="Test Cases/Amazon/TC_Validation Amazon Category_001" status="PASSED">
         <system-out><![CDATA[25-01-2024T18:25:24 - [TEST_CASE][PASSED] - Test Cases/Amazon/TC_Validation Amazon Category_001: Test Cases/Amazon/TC_Validation Amazon Category_001

25-01-2024T18:25:24 - [TEST_STEP][PASSED] - openBrowser(""): Browser is opened with url: ''

25-01-2024T18:25:24 - [MESSAGE][INFO] - Starting 'Edge Chromium' driver

25-01-2024T18:25:27 - [MESSAGE][INFO] - Action delay is set to 0 milliseconds

25-01-2024T18:25:29 - [MESSAGE][PASSED] - Browser is opened with url: ''

25-01-2024T18:25:29 - [TEST_STEP][PASSED] - navigateToUrl("https://www.amazon.com/"): Navigate to 'https://www.amazon.com/' successfully

25-01-2024T18:25:41 - [MESSAGE][PASSED] - Navigate to 'https://www.amazon.com/' successfully

25-01-2024T18:25:41 - [TEST_STEP][PASSED] - selectOptionByLabel(findTestObject("Amazon_Category_validation_excel_OR/Page_Amazon.com. Spend less. Smile more/category_element"), category, false): All options with label 'Computers' are selected in object 'Object Repository/Amazon_Category_validation_excel_OR/Page_Amazon.com. Spend less. Smile more/category_element' 

25-01-2024T18:25:46 - [MESSAGE][PASSED] - All options with label 'Computers' are selected in object 'Object Repository/Amazon_Category_validation_excel_OR/Page_Amazon.com. Spend less. Smile more/category_element' 

25-01-2024T18:25:46 - [TEST_STEP][PASSED] - setText(findTestObject("Amazon_Category_validation_excel_OR/Page_Amazon.com. Spend less. Smile more/input_Search Amazon_field-keywords"), item): Text 'hp' is set on object 'Object Repository/Amazon_Category_validation_excel_OR/Page_Amazon.com. Spend less. Smile more/input_Search Amazon_field-keywords'

25-01-2024T18:25:48 - [MESSAGE][PASSED] - Text 'hp' is set on object 'Object Repository/Amazon_Category_validation_excel_OR/Page_Amazon.com. Spend less. Smile more/input_Search Amazon_field-keywords'

25-01-2024T18:25:48 - [TEST_STEP][PASSED] - click(findTestObject("Amazon_Category_validation_excel_OR/Page_Amazon.com. Spend less. Smile more/input_Search Amazon_nav-search-submit-button")): Object: 'Object Repository/Amazon_Category_validation_excel_OR/Page_Amazon.com. Spend less. Smile more/input_Search Amazon_nav-search-submit-button' is clicked on

25-01-2024T18:26:02 - [MESSAGE][PASSED] - Object: 'Object Repository/Amazon_Category_validation_excel_OR/Page_Amazon.com. Spend less. Smile more/input_Search Amazon_nav-search-submit-button' is clicked on

25-01-2024T18:26:02 - [TEST_STEP][PASSED] - closeBrowser(): Browser is closed

25-01-2024T18:26:03 - [MESSAGE][PASSED] - Browser is closed]]></system-out>
         <system-err><![CDATA[]]></system-err>
      </testcase>
      <system-out><![CDATA[25-01-2024T18:22:57 - [TEST_SUITE][PASSED] - Amazon_Category_Validation_Internaldata: Test Cases/Amazon/TC_Validation Amazon Category_001]]></system-out>
      <system-err><![CDATA[]]></system-err>
   </testsuite>
</testsuites>
