<?xml version="1.0" encoding="UTF-8"?>
<testsuites name="Amazon_Category_Validation_Excel" time="281.219" tests="3" failures="0" errors="0">
   <testsuite name="Amazon_Category_Validation_Excel" tests="3" failures="0" errors="0" time="281.219" skipped="0" timestamp="25-01-2024T16:07:56" hostname="palle - LAPTOP-PIIRQVG3" id="Test Suites/Amazon_Category_Validation_Excel">
      <properties>
         <property name="deviceName" value=""/>
         <property name="devicePlatform" value=""/>
         <property name="logFolder" value="C:\\Users\\palle\\git\\Software-Automation-Testing-with-Katalon\\Reports\\20240125_160751\\Amazon_Category_Validation_Excel\\20240125_160751"/>
         <property name="logFiles" value="C:\\Users\\palle\\git\\Software-Automation-Testing-with-Katalon\\Reports\\20240125_160751\\Amazon_Category_Validation_Excel\\20240125_160751\\execution0.log"/>
         <property name="attachments" value=""/>
         <property name="hostName" value="palle - LAPTOP-PIIRQVG3"/>
         <property name="os" value="Windows 11 64bit"/>
         <property name="katalonVersion" value="9.1.0.212"/>
         <property name="browser" value="Chrome 120.0.0.0"/>
         <property name="hostAddress" value="192.168.1.135"/>
         <property name="sessionId" value="179cb4c98708c63d12decf5418572a6b"/>
         <property name="seleniumVersion" value="3.141.59"/>
         <property name="proxyInformation" value="ProxyInformation { proxyOption=NO_PROXY, proxyServerType=HTTP, username=, password=********, proxyServerAddress=, proxyServerPort=0, executionList=&quot;&quot;, isApplyToDesiredCapabilities=true }"/>
         <property name="platform" value="Windows 11"/>
      </properties>
      <testcase name="Test Cases/Amazon/TC_Validation Amazon Category_Excel_001" time="106.915" classname="Test Cases/Amazon/TC_Validation Amazon Category_Excel_001" status="PASSED">
         <system-out><![CDATA[25-01-2024T16:07:56 - [TEST_CASE][PASSED] - Test Cases/Amazon/TC_Validation Amazon Category_Excel_001: Test Cases/Amazon/TC_Validation Amazon Category_Excel_001

25-01-2024T16:07:57 - [TEST_STEP][PASSED] - openBrowser(""): Browser is opened with url: ''

25-01-2024T16:07:57 - [MESSAGE][INFO] - Starting 'Chrome' driver

25-01-2024T16:07:57 - [MESSAGE][INFO] - Action delay is set to 0 milliseconds

25-01-2024T16:08:00 - [MESSAGE][PASSED] - Browser is opened with url: ''

25-01-2024T16:08:00 - [TEST_STEP][PASSED] - navigateToUrl("https://www.amazon.com/"): Navigate to 'https://www.amazon.com/' successfully

25-01-2024T16:08:10 - [MESSAGE][PASSED] - Navigate to 'https://www.amazon.com/' successfully

25-01-2024T16:08:10 - [TEST_STEP][PASSED] - selectOptionByLabel(findTestObject("Amazon_Category_validation_excel_OR/Page_Amazon.com. Spend less. Smile more/category_element"), category, false): All options with label 'Books' are selected in object 'Object Repository/Amazon_Category_validation_excel_OR/Page_Amazon.com. Spend less. Smile more/category_element' 

25-01-2024T16:08:48 - [MESSAGE][PASSED] - All options with label 'Books' are selected in object 'Object Repository/Amazon_Category_validation_excel_OR/Page_Amazon.com. Spend less. Smile more/category_element' 

25-01-2024T16:08:48 - [TEST_STEP][PASSED] - setText(findTestObject("Amazon_Category_validation_excel_OR/Page_Amazon.com. Spend less. Smile more/input_Search Amazon_field-keywords"), item): Text 'Da vinci code' is set on object 'Object Repository/Amazon_Category_validation_excel_OR/Page_Amazon.com. Spend less. Smile more/input_Search Amazon_field-keywords'

25-01-2024T16:08:50 - [MESSAGE][PASSED] - Text 'Da vinci code' is set on object 'Object Repository/Amazon_Category_validation_excel_OR/Page_Amazon.com. Spend less. Smile more/input_Search Amazon_field-keywords'

25-01-2024T16:08:50 - [TEST_STEP][PASSED] - click(findTestObject("Amazon_Category_validation_excel_OR/Page_Amazon.com. Spend less. Smile more/input_Search Amazon_nav-search-submit-button")): Object: 'Object Repository/Amazon_Category_validation_excel_OR/Page_Amazon.com. Spend less. Smile more/input_Search Amazon_nav-search-submit-button' is clicked on

25-01-2024T16:09:43 - [MESSAGE][PASSED] - Object: 'Object Repository/Amazon_Category_validation_excel_OR/Page_Amazon.com. Spend less. Smile more/input_Search Amazon_nav-search-submit-button' is clicked on

25-01-2024T16:09:43 - [TEST_STEP][PASSED] - closeBrowser(): Browser is closed

25-01-2024T16:09:43 - [MESSAGE][PASSED] - Browser is closed]]></system-out>
         <system-err><![CDATA[]]></system-err>
      </testcase>
      <testcase name="Test Cases/Amazon/TC_Validation Amazon Category_Excel_001" time="101.08" classname="Test Cases/Amazon/TC_Validation Amazon Category_Excel_001" status="PASSED">
         <system-out><![CDATA[25-01-2024T16:09:43 - [TEST_CASE][PASSED] - Test Cases/Amazon/TC_Validation Amazon Category_Excel_001: Test Cases/Amazon/TC_Validation Amazon Category_Excel_001

25-01-2024T16:09:43 - [TEST_STEP][PASSED] - openBrowser(""): Browser is opened with url: ''

25-01-2024T16:09:43 - [MESSAGE][INFO] - Starting 'Chrome' driver

25-01-2024T16:09:43 - [MESSAGE][INFO] - Action delay is set to 0 milliseconds

25-01-2024T16:09:47 - [MESSAGE][PASSED] - Browser is opened with url: ''

25-01-2024T16:09:47 - [TEST_STEP][PASSED] - navigateToUrl("https://www.amazon.com/"): Navigate to 'https://www.amazon.com/' successfully

25-01-2024T16:09:53 - [MESSAGE][PASSED] - Navigate to 'https://www.amazon.com/' successfully

25-01-2024T16:09:53 - [TEST_STEP][PASSED] - selectOptionByLabel(findTestObject("Amazon_Category_validation_excel_OR/Page_Amazon.com. Spend less. Smile more/category_element"), category, false): All options with label 'Baby' are selected in object 'Object Repository/Amazon_Category_validation_excel_OR/Page_Amazon.com. Spend less. Smile more/category_element' 

25-01-2024T16:10:44 - [MESSAGE][INFO] - Unable to find the element located by 'By.xpath: //select[@id='searchDropdownBox']'. Please recheck the objects properties to make sure the desired element is located. 

25-01-2024T16:10:44 - [MESSAGE][WARNING] - [SELF-HEALING] Failed to find element with id 'Object Repository/Amazon_Category_validation_excel_OR/Page_Amazon.com. Spend less. Smile more/category_element'. Try using Self-healing.

25-01-2024T16:10:48 - [MESSAGE][INFO] - [SELF-HEALING] Working Locator: '//select[@id='searchDropdownBox']'.

25-01-2024T16:10:49 - [MESSAGE][INFO] - [SELF-HEALING] Screenshot: C:/Users/palle/git/Software-Automation-Testing-with-Katalon/Reports/Self-healing/Object Repository/Amazon_Category_validation_excel_OR/Page_Amazon.com. Spend less. Smile more/category_element_attributes.png

25-01-2024T16:10:49 - [MESSAGE][WARNING] - [SELF-HEALING] The current locator of test object 'Object Repository/Amazon_Category_validation_excel_OR/Page_Amazon.com. Spend less. Smile more/category_element' was broken. Propose an alternative one: '//select[@id='searchDropdownBox']'.

25-01-2024T16:10:49 - [MESSAGE][PASSED] - All options with label 'Baby' are selected in object 'Object Repository/Amazon_Category_validation_excel_OR/Page_Amazon.com. Spend less. Smile more/category_element' 

25-01-2024T16:10:49 - [TEST_STEP][PASSED] - setText(findTestObject("Amazon_Category_validation_excel_OR/Page_Amazon.com. Spend less. Smile more/input_Search Amazon_field-keywords"), item): Text 'walkers' is set on object 'Object Repository/Amazon_Category_validation_excel_OR/Page_Amazon.com. Spend less. Smile more/input_Search Amazon_field-keywords'

25-01-2024T16:10:53 - [MESSAGE][PASSED] - Text 'walkers' is set on object 'Object Repository/Amazon_Category_validation_excel_OR/Page_Amazon.com. Spend less. Smile more/input_Search Amazon_field-keywords'

25-01-2024T16:10:53 - [TEST_STEP][PASSED] - click(findTestObject("Amazon_Category_validation_excel_OR/Page_Amazon.com. Spend less. Smile more/input_Search Amazon_nav-search-submit-button")): Object: 'Object Repository/Amazon_Category_validation_excel_OR/Page_Amazon.com. Spend less. Smile more/input_Search Amazon_nav-search-submit-button' is clicked on

25-01-2024T16:11:23 - [MESSAGE][PASSED] - Object: 'Object Repository/Amazon_Category_validation_excel_OR/Page_Amazon.com. Spend less. Smile more/input_Search Amazon_nav-search-submit-button' is clicked on

25-01-2024T16:11:23 - [TEST_STEP][PASSED] - closeBrowser(): Browser is closed

25-01-2024T16:11:24 - [MESSAGE][PASSED] - Browser is closed]]></system-out>
         <system-err><![CDATA[]]></system-err>
      </testcase>
      <testcase name="Test Cases/Amazon/TC_Validation Amazon Category_Excel_001" time="72.823" classname="Test Cases/Amazon/TC_Validation Amazon Category_Excel_001" status="PASSED">
         <system-out><![CDATA[25-01-2024T16:11:24 - [TEST_CASE][PASSED] - Test Cases/Amazon/TC_Validation Amazon Category_Excel_001: Test Cases/Amazon/TC_Validation Amazon Category_Excel_001

25-01-2024T16:11:24 - [TEST_STEP][PASSED] - openBrowser(""): Browser is opened with url: ''

25-01-2024T16:11:24 - [MESSAGE][INFO] - Starting 'Chrome' driver

25-01-2024T16:11:24 - [MESSAGE][INFO] - Action delay is set to 0 milliseconds

25-01-2024T16:11:26 - [MESSAGE][PASSED] - Browser is opened with url: ''

25-01-2024T16:11:26 - [TEST_STEP][PASSED] - navigateToUrl("https://www.amazon.com/"): Navigate to 'https://www.amazon.com/' successfully

25-01-2024T16:11:30 - [MESSAGE][PASSED] - Navigate to 'https://www.amazon.com/' successfully

25-01-2024T16:11:30 - [TEST_STEP][PASSED] - selectOptionByLabel(findTestObject("Amazon_Category_validation_excel_OR/Page_Amazon.com. Spend less. Smile more/category_element"), category, false): All options with label 'Electronics' are selected in object 'Object Repository/Amazon_Category_validation_excel_OR/Page_Amazon.com. Spend less. Smile more/category_element' 

25-01-2024T16:11:59 - [MESSAGE][PASSED] - All options with label 'Electronics' are selected in object 'Object Repository/Amazon_Category_validation_excel_OR/Page_Amazon.com. Spend less. Smile more/category_element' 

25-01-2024T16:11:59 - [TEST_STEP][PASSED] - setText(findTestObject("Amazon_Category_validation_excel_OR/Page_Amazon.com. Spend less. Smile more/input_Search Amazon_field-keywords"), item): Text 'washing machine' is set on object 'Object Repository/Amazon_Category_validation_excel_OR/Page_Amazon.com. Spend less. Smile more/input_Search Amazon_field-keywords'

25-01-2024T16:12:03 - [MESSAGE][PASSED] - Text 'washing machine' is set on object 'Object Repository/Amazon_Category_validation_excel_OR/Page_Amazon.com. Spend less. Smile more/input_Search Amazon_field-keywords'

25-01-2024T16:12:03 - [TEST_STEP][PASSED] - click(findTestObject("Amazon_Category_validation_excel_OR/Page_Amazon.com. Spend less. Smile more/input_Search Amazon_nav-search-submit-button")): Object: 'Object Repository/Amazon_Category_validation_excel_OR/Page_Amazon.com. Spend less. Smile more/input_Search Amazon_nav-search-submit-button' is clicked on

25-01-2024T16:12:37 - [MESSAGE][PASSED] - Object: 'Object Repository/Amazon_Category_validation_excel_OR/Page_Amazon.com. Spend less. Smile more/input_Search Amazon_nav-search-submit-button' is clicked on

25-01-2024T16:12:37 - [TEST_STEP][PASSED] - closeBrowser(): Browser is closed

25-01-2024T16:12:37 - [MESSAGE][PASSED] - Browser is closed]]></system-out>
         <system-err><![CDATA[]]></system-err>
      </testcase>
      <system-out><![CDATA[25-01-2024T16:07:56 - [TEST_SUITE][PASSED] - Amazon_Category_Validation_Excel: Test Cases/Amazon/TC_Validation Amazon Category_Excel_001]]></system-out>
      <system-err><![CDATA[]]></system-err>
   </testsuite>
</testsuites>
